<testsuites id="" name="" tests="1" failures="0" skipped="0" errors="0" time="2.478384">
<testsuite name="auth_api.spec.ts" timestamp="2025-04-17T10:32:13.701Z" hostname="chromium" tests="1" failures="0" skipped="0" time="0.267" errors="0">
<testcase name="authentication of put call using basic auth" classname="auth_api.spec.ts" time="0.267">
<system-err>
<![CDATA[
Warning: attachment auth_api-authentication-of-put-call-using-basic-auth-chromium\trace.zip is missing]]>
</system-err>
</testcase>
</testsuite>
</testsuites>